Arguments: 
  /usr/local/bin/node /opt/yarn-v1.22.17/bin/yarn.js add chart.js react-chart-js-2

PATH: 
  /nix/store/d9v3i51ypfyay19977a77483jckjvlqp-pid1/bin:/nix/store/22jj08nss8zvbgk52ikj09ssg6rw84rv-silver-searcher-2.2.0/bin:/nix/store/0pmhap0w9prffjj639ba5786ab71i512-bash/bin:/nix/store/176gh50y24c0lx2bnnmsvf9wazb73php-coreutils-9.0/bin:/nix/store/zaamc32wijqka1mg8w2gr1f6bgvs7yyz-vscode-cpptools-dap-1.3.1/bin:/nix/store/ann2w0blx5vrc8mw1hwnvb37gry6ci9a-replit-python-dap-wrapper-1.0.0/bin:/nix/store/gvzyha79wkr1xazax4fd9nnbj8yp9rv6-node-dap/bin:/nix/store/hhzckydwi442l85smbd512xlwp2qarxv-fluxbox/bin:/nix/store/13sxby28d6x7r98ggggp0gk5al4hdj9f-prybar-nodejs-0.0.0-7d40edb/bin:/nix/store/mav4251if1ahjq5vkpwycyyvnmy459c4-pulseaudio-14.2/bin:/nix/store/2py1rvdx7y7fbi0yffw7dq2bacd15605-rfbproxy-0.0.0-b81eb2f/bin:/nix/store/0b2bvviijkvq2nvm04dbq3lwlq7h742m-tigervnc-1.12.0/bin:/nix/store/7v07bmyfjq0jdnx6xwxlib05na8kksdf-xwininfo-1.1.4/bin:/nix/store/gfvyxpnr8ji58pdhy7ns4zqy57z34aqm-replbox/bin:/home/runner/bin:/usr/local/sbin:/usr/local/bin:/usr/sbin:/usr/bin:/sbin:/bin

Yarn version: 
  1.22.17

Node version: 
  12.22.10

Platform: 
  linux x64

Trace: 
  Error: https://registry.yarnpkg.com/react-chart-js-2: Not found
      at Request.params.callback [as _callback] (/opt/yarn-v1.22.17/lib/cli.js:67029:18)
      at Request.self.callback (/opt/yarn-v1.22.17/lib/cli.js:140883:22)
      at Request.emit (events.js:314:20)
      at Request.<anonymous> (/opt/yarn-v1.22.17/lib/cli.js:141855:10)
      at Request.emit (events.js:314:20)
      at IncomingMessage.<anonymous> (/opt/yarn-v1.22.17/lib/cli.js:141777:12)
      at Object.onceWrapper (events.js:420:28)
      at IncomingMessage.emit (events.js:326:22)
      at endReadableNT (_stream_readable.js:1241:12)
      at processTicksAndRejections (internal/process/task_queues.js:84:21)

npm manifest: 
  {
    "name": "ReplitReactjsProject",
    "version": "0.0.1",
    "scripts": {
      "dev": "vite",
      "build": "vite build",
      "serve": "vite preview"
    },
    "dependencies": {
      "@types/react": "^17.0.13",
      "@types/react-dom": "^17.0.8",
      "@vitejs/plugin-react-refresh": "^1.3.0",
      "chart.js": "^3.8.0",
      "prop-types": "^15.8.1",
      "react": "^17.0.2",
      "react-dom": "^17.0.2",
      "react-month-year-picker": "^1.0.1",
      "vite": "^2.3.8"
    }
  }

yarn manifest: 
  No manifest

Lockfile: 
  No lockfile
